0 info it worked if it ends with ok
1 verbose cli [ 'C:\\Program Files\\nodejs\\\\node.exe',
1 verbose cli   'C:\\Program Files\\nodejs\\node_modules\\npm\\bin\\npm-cli.js',
1 verbose cli   'run',
1 verbose cli   'build' ]
2 info using npm@2.14.9
3 info using node@v0.12.10
4 verbose stack Error: missing script: build
4 verbose stack     at run (C:\Users\zsw\AppData\Roaming\nvm\v0.12.10\node_modules\npm\lib\run-script.js:142:19)
4 verbose stack     at C:\Users\zsw\AppData\Roaming\nvm\v0.12.10\node_modules\npm\lib\run-script.js:58:5
4 verbose stack     at C:\Users\zsw\AppData\Roaming\nvm\v0.12.10\node_modules\npm\node_modules\read-package-json\read-json.js:345:5
4 verbose stack     at checkBinReferences_ (C:\Users\zsw\AppData\Roaming\nvm\v0.12.10\node_modules\npm\node_modules\read-package-json\read-json.js:309:45)
4 verbose stack     at final (C:\Users\zsw\AppData\Roaming\nvm\v0.12.10\node_modules\npm\node_modules\read-package-json\read-json.js:343:3)
4 verbose stack     at then (C:\Users\zsw\AppData\Roaming\nvm\v0.12.10\node_modules\npm\node_modules\read-package-json\read-json.js:113:5)
4 verbose stack     at C:\Users\zsw\AppData\Roaming\nvm\v0.12.10\node_modules\npm\node_modules\read-package-json\read-json.js:284:20
4 verbose stack     at C:\Users\zsw\AppData\Roaming\nvm\v0.12.10\node_modules\npm\node_modules\graceful-fs\graceful-fs.js:76:16
4 verbose stack     at fs.js:263:20
4 verbose stack     at C:\Users\zsw\AppData\Roaming\nvm\v0.12.10\node_modules\npm\node_modules\graceful-fs\graceful-fs.js:230:16
5 verbose cwd C:\code\hp\app
6 error Windows_NT 10.0.17763
7 error argv "C:\\Program Files\\nodejs\\\\node.exe" "C:\\Program Files\\nodejs\\node_modules\\npm\\bin\\npm-cli.js" "run" "build"
8 error node v0.12.10
9 error npm  v2.14.9
10 error missing script: build
11 error If you need help, you may report this error at:
11 error     <https://github.com/npm/npm/issues>
12 verbose exit [ 1, true ]
